title:  popshootjapan / WeiWallet-iOS
owner:  
URL:  https://github.com/popshootjapan/WeiWallet-iOS
Owner Img:  
title:  insidegui / WWDC
owner:  
URL:  https://github.com/insidegui/WWDC
Owner Img:  
title:  SvenTiigi / WhatsNewKit
owner:  
URL:  https://github.com/SvenTiigi/WhatsNewKit
Owner Img:  
title:  huri000 / SwiftEntryKit
owner:  
URL:  https://github.com/huri000/SwiftEntryKit
Owner Img:  
title:  americanexpress / xcprojectlint
owner:  
URL:  https://github.com/americanexpress/xcprojectlint
Owner Img:  
title:  scribd / Weaver
owner:  
URL:  https://github.com/scribd/Weaver
Owner Img:  
title:  vsouza / awesome-ios
owner:  
URL:  https://github.com/vsouza/awesome-ios
Owner Img:  
title:  Ramotion / swift-ui-animation-components-and-libraries
owner:  
URL:  https://github.com/Ramotion/swift-ui-animation-components-and-libraries
Owner Img:  
title:  naturaln0va / VisualActivityViewController
owner:  
URL:  https://github.com/naturaln0va/VisualActivityViewController
Owner Img:  
title:  SwiftKickMobile / SwiftMessages
owner:  
URL:  https://github.com/SwiftKickMobile/SwiftMessages
Owner Img:  
title:  intuit / CardParts
owner:  
URL:  https://github.com/intuit/CardParts
Owner Img:  
title:  serhii-londar / open-source-mac-os-apps
owner:  
URL:  https://github.com/serhii-londar/open-source-mac-os-apps
Owner Img:  
title:  airbnb / Lona
owner:  
URL:  https://github.com/airbnb/Lona
Owner Img:  
title:  alexaubry / BulletinBoard
owner:  
URL:  https://github.com/alexaubry/BulletinBoard
Owner Img:  
title:  Alamofire / Alamofire
owner:  
URL:  https://github.com/Alamofire/Alamofire
Owner Img:  
title:  ralcr / ConsentKit
owner:  
URL:  https://github.com/ralcr/ConsentKit
Owner Img:  
title:  lhc70000 / iina
owner:  
URL:  https://github.com/lhc70000/iina
Owner Img:  
title:  ReactiveX / RxSwift
owner:  
URL:  https://github.com/ReactiveX/RxSwift
Owner Img:  
title:  lkzhao / Hero
owner:  
URL:  https://github.com/lkzhao/Hero
Owner Img:  
title:  lixiang1994 / VideoTransitionDemo
owner:  
URL:  https://github.com/lixiang1994/VideoTransitionDemo
Owner Img:  
title:  SwifterSwift / SwifterSwift
owner:  
URL:  https://github.com/SwifterSwift/SwifterSwift
Owner Img:  
title:  matteocrippa / awesome-swift
owner:  
URL:  https://github.com/matteocrippa/awesome-swift
Owner Img:  
title:  Ramotion / folding-cell
owner:  
URL:  https://github.com/Ramotion/folding-cell
Owner Img:  
title:  mxcl / PromiseKit
owner:  
URL:  https://github.com/mxcl/PromiseKit
Owner Img:  
title:  dkhamsing / open-source-ios-apps
owner:  
URL:  https://github.com/dkhamsing/open-source-ios-apps
Owner Img:  
title:  ChangbaDevs / KTVVideoProcess
owner:  
URL:  https://github.com/ChangbaDevs/KTVVideoProcess
Owner Img:  
title:  TKkk-iOSer / WeChatPlugin-MacOS
owner:  
URL:  https://github.com/TKkk-iOSer/WeChatPlugin-MacOS
Owner Img:  
title:  halfrost / Halfrost-Field
owner:  
URL:  https://github.com/halfrost/Halfrost-Field
Owner Img:  
title:  NJHu / iOSProject
owner:  
URL:  https://github.com/NJHu/iOSProject
Owner Img:  
title:  ChangbaDevs / KTVHTTPCache
owner:  
URL:  https://github.com/ChangbaDevs/KTVHTTPCache
Owner Img:  
title:  liberalisman / iOS-InterviewQuestion-collection
owner:  
URL:  https://github.com/liberalisman/iOS-InterviewQuestion-collection
Owner Img:  
title:  TextureGroup / Texture
owner:  
URL:  https://github.com/TextureGroup/Texture
Owner Img:  
title:  react-community / react-native-maps
owner:  
URL:  https://github.com/react-community/react-native-maps
Owner Img:  
title:  whbalzac / WHStoryMaker
owner:  
URL:  https://github.com/whbalzac/WHStoryMaker
Owner Img:  
title:  insidegui / AppleEvents
owner:  
URL:  https://github.com/insidegui/AppleEvents
Owner Img:  
title:  Instagram / IGListKit
owner:  
URL:  https://github.com/Instagram/IGListKit
Owner Img:  
title:  renzifeng / ZFPlayer
owner:  
URL:  https://github.com/renzifeng/ZFPlayer
Owner Img:  
title:  hackiftekhar / IQKeyboardManager
owner:  
URL:  https://github.com/hackiftekhar/IQKeyboardManager
Owner Img:  
title:  ibireme / YYKit
owner:  
URL:  https://github.com/ibireme/YYKit
Owner Img:  
title:  airbnb / lottie-ios
owner:  
URL:  https://github.com/airbnb/lottie-ios
Owner Img:  
title:  axe-org / axe
owner:  
URL:  https://github.com/axe-org/axe
Owner Img:  
title:  awesome-tips / iOS-Tips
owner:  
URL:  https://github.com/awesome-tips/iOS-Tips
Owner Img:  
title:  objective-see / LuLu
owner:  
URL:  https://github.com/objective-see/LuLu
Owner Img:  
title:  iodefog / VipVideo
owner:  
URL:  https://github.com/iodefog/VipVideo
Owner Img:  
title:  WenchaoD / FSCalendar
owner:  
URL:  https://github.com/WenchaoD/FSCalendar
Owner Img:  
title:  Microsoft / react-native-code-push
owner:  
URL:  https://github.com/Microsoft/react-native-code-push
Owner Img:  
title:  HDB-Li / LLDebugTool
owner:  
URL:  https://github.com/HDB-Li/LLDebugTool
Owner Img:  
title:  google / santa
owner:  
URL:  https://github.com/google/santa
Owner Img:  
title:  Flipboard / FLEX
owner:  
URL:  https://github.com/Flipboard/FLEX
Owner Img:  
title:  rs / SDWebImage
owner:  
URL:  https://github.com/rs/SDWebImage
Owner Img:  
title:  senorprogrammer / wtf
owner:  
URL:  https://github.com/senorprogrammer/wtf
Owner Img:  
title:  mgechev / revive
owner:  
URL:  https://github.com/mgechev/revive
Owner Img:  
title:  myntra / golimit
owner:  
URL:  https://github.com/myntra/golimit
Owner Img:  
title:  ry / v8worker2
owner:  
URL:  https://github.com/ry/v8worker2
Owner Img:  
title:  ethereum / go-ethereum
owner:  
URL:  https://github.com/ethereum/go-ethereum
Owner Img:  
title:  kubernetes-sigs / kustomize
owner:  
URL:  https://github.com/kubernetes-sigs/kustomize
Owner Img:  
title:  kubernetes / kubernetes
owner:  
URL:  https://github.com/kubernetes/kubernetes
Owner Img:  
title:  golang / go
owner:  
URL:  https://github.com/golang/go
Owner Img:  
title:  containous / traefik
owner:  
URL:  https://github.com/containous/traefik
Owner Img:  
title:  avelino / awesome-go
owner:  
URL:  https://github.com/avelino/awesome-go
Owner Img:  
title:  gohugoio / hugo
owner:  
URL:  https://github.com/gohugoio/hugo
Owner Img:  
title:  fatedier / frp
owner:  
URL:  https://github.com/fatedier/frp
Owner Img:  
title:  valyala / fastjson
owner:  
URL:  https://github.com/valyala/fastjson
Owner Img:  
title:  moncho / dry
owner:  
URL:  https://github.com/moncho/dry
Owner Img:  
title:  astaxie / build-web-application-with-golang
owner:  
URL:  https://github.com/astaxie/build-web-application-with-golang
Owner Img:  
title:  b3log / pipe
owner:  
URL:  https://github.com/b3log/pipe
Owner Img:  
title:  istio / istio
owner:  
URL:  https://github.com/istio/istio
Owner Img:  
title:  prometheus / prometheus
owner:  
URL:  https://github.com/prometheus/prometheus
Owner Img:  
title:  gin-gonic / gin
owner:  
URL:  https://github.com/gin-gonic/gin
Owner Img:  
title:  gogs / gogs
owner:  
URL:  https://github.com/gogs/gogs
Owner Img:  
title:  coreos / etcd
owner:  
URL:  https://github.com/coreos/etcd
Owner Img:  
title:  google / gvisor
owner:  
URL:  https://github.com/google/gvisor
Owner Img:  
title:  minio / minio
owner:  
URL:  https://github.com/minio/minio
Owner Img:  
title:  hyperledger / fabric
owner:  
URL:  https://github.com/hyperledger/fabric
Owner Img:  
title:  schollz / recursive-recipes
owner:  
URL:  https://github.com/schollz/recursive-recipes
Owner Img:  
title:  trekhleb / javascript-algorithms
owner:  
URL:  https://github.com/trekhleb/javascript-algorithms
Owner Img:  
title:  uber / kepler.gl
owner:  
URL:  https://github.com/uber/kepler.gl
Owner Img:  
title:  sodium-friends / learntocrypto
owner:  
URL:  https://github.com/sodium-friends/learntocrypto
Owner Img:  
title:  c8r / kit
owner:  
URL:  https://github.com/c8r/kit
Owner Img:  
title:  uileader / touchui
owner:  
URL:  https://github.com/uileader/touchui
Owner Img:  
title:  wiredjs / wired-elements
owner:  
URL:  https://github.com/wiredjs/wired-elements
Owner Img:  
title:  vuejs / vue
owner:  
URL:  https://github.com/vuejs/vue
Owner Img:  
title:  heiseonline / embetty
owner:  
URL:  https://github.com/heiseonline/embetty
Owner Img:  
title:  nodejs / node
owner:  
URL:  https://github.com/nodejs/node
Owner Img:  
title:  facebook / react
owner:  
URL:  https://github.com/facebook/react
Owner Img:  
title:  qwerty472123 / wxappUnpacker
owner:  
URL:  https://github.com/qwerty472123/wxappUnpacker
Owner Img:  
title:  jeeliz / jeelizFaceFilter
owner:  
URL:  https://github.com/jeeliz/jeelizFaceFilter
Owner Img:  
title:  fejes713 / 30-seconds-of-interviews
owner:  
URL:  https://github.com/fejes713/30-seconds-of-interviews
Owner Img:  
title:  mimecorg / vuido
owner:  
URL:  https://github.com/mimecorg/vuido
Owner Img:  
title:  facebook / create-react-app
owner:  
URL:  https://github.com/facebook/create-react-app
Owner Img:  
title:  axios / axios
owner:  
URL:  https://github.com/axios/axios
Owner Img:  
title:  GoogleChrome / puppeteer
owner:  
URL:  https://github.com/GoogleChrome/puppeteer
Owner Img:  
title:  mui-org / material-ui
owner:  
URL:  https://github.com/mui-org/material-ui
Owner Img:  
title:  vuetifyjs / vuetify
owner:  
URL:  https://github.com/vuetifyjs/vuetify
Owner Img:  
title:  iamkun / dayjs
owner:  
URL:  https://github.com/iamkun/dayjs
Owner Img:  
title:  zeit / next.js
owner:  
URL:  https://github.com/zeit/next.js
Owner Img:  
title:  jest-community / jest-watch-typeahead
owner:  
URL:  https://github.com/jest-community/jest-watch-typeahead
Owner Img:  
title:  vladocar / nanoJS
owner:  
URL:  https://github.com/vladocar/nanoJS
Owner Img:  
title:  Chalarangelo / 30-seconds-of-code
owner:  
URL:  https://github.com/Chalarangelo/30-seconds-of-code
Owner Img:  
title:  airbnb / javascript
owner:  
URL:  https://github.com/airbnb/javascript
Owner Img:  
title:  godfat / rib
owner:  
URL:  https://github.com/godfat/rib
Owner Img:  
title:  jondot / awesome-react-native
owner:  
URL:  https://github.com/jondot/awesome-react-native
Owner Img:  
title:  alekseyl / niceql
owner:  
URL:  https://github.com/alekseyl/niceql
Owner Img:  
title:  ddnexus / pagy
owner:  
URL:  https://github.com/ddnexus/pagy
Owner Img:  
title:  piotrmurach / tty
owner:  
URL:  https://github.com/piotrmurach/tty
Owner Img:  
title:  Homebrew / brew
owner:  
URL:  https://github.com/Homebrew/brew
Owner Img:  
title:  rails / rails
owner:  
URL:  https://github.com/rails/rails
Owner Img:  
title:  tootsuite / mastodon
owner:  
URL:  https://github.com/tootsuite/mastodon
Owner Img:  
title:  fastlane / fastlane
owner:  
URL:  https://github.com/fastlane/fastlane
Owner Img:  
title:  discourse / discourse
owner:  
URL:  https://github.com/discourse/discourse
Owner Img:  
title:  hellostealth / stealth
owner:  
URL:  https://github.com/hellostealth/stealth
Owner Img:  
title:  Hacker0x01 / hacker101
owner:  
URL:  https://github.com/Hacker0x01/hacker101
Owner Img:  
title:  r00t-3xp10it / hacking-material-books
owner:  
URL:  https://github.com/r00t-3xp10it/hacking-material-books
Owner Img:  
title:  jekyll / jekyll
owner:  
URL:  https://github.com/jekyll/jekyll
Owner Img:  
title:  karafka / karafka
owner:  
URL:  https://github.com/karafka/karafka
Owner Img:  
title:  huginn / huginn
owner:  
URL:  https://github.com/huginn/huginn
Owner Img:  
title:  Homebrew / homebrew-core
owner:  
URL:  https://github.com/Homebrew/homebrew-core
Owner Img:  
title:  plataformatec / devise
owner:  
URL:  https://github.com/plataformatec/devise
Owner Img:  
title:  akr / all-ruby
owner:  
URL:  https://github.com/akr/all-ruby
Owner Img:  
title:  Homebrew / homebrew-cask
owner:  
URL:  https://github.com/Homebrew/homebrew-cask
Owner Img:  
title:  rapid7 / metasploit-framework
owner:  
URL:  https://github.com/rapid7/metasploit-framework
Owner Img:  
title:  rubocop-hq / rubocop
owner:  
URL:  https://github.com/rubocop-hq/rubocop
Owner Img:  
title:  freeCodeCamp / devdocs
owner:  
URL:  https://github.com/freeCodeCamp/devdocs
Owner Img:  
title:  mperham / sidekiq
owner:  
URL:  https://github.com/mperham/sidekiq
Owner Img:  
title:  elastic / logstash
owner:  
URL:  https://github.com/elastic/logstash
Owner Img:  
title:  nebulet / nebulet
owner:  
URL:  https://github.com/nebulet/nebulet
Owner Img:  
title:  cervus-v / cervus
owner:  
URL:  https://github.com/cervus-v/cervus
Owner Img:  
title:  actix / actix
owner:  
URL:  https://github.com/actix/actix
Owner Img:  
title:  actix / actix-web
owner:  
URL:  https://github.com/actix/actix-web
Owner Img:  
title:  jgavris / rs-git-fsmonitor
owner:  
URL:  https://github.com/jgavris/rs-git-fsmonitor
Owner Img:  
title:  mre / awesome-static-analysis
owner:  
URL:  https://github.com/mre/awesome-static-analysis
Owner Img:  
title:  cretonne / cretonne
owner:  
URL:  https://github.com/cretonne/cretonne
Owner Img:  
title:  spacejam / sled
owner:  
URL:  https://github.com/spacejam/sled
Owner Img:  
title:  sharkdp / bat
owner:  
URL:  https://github.com/sharkdp/bat
Owner Img:  
title:  rust-lang / rust
owner:  
URL:  https://github.com/rust-lang/rust
Owner Img:  
title:  trezm / Thruster
owner:  
URL:  https://github.com/trezm/Thruster
Owner Img:  
title:  anordal / shellharden
owner:  
URL:  https://github.com/anordal/shellharden
Owner Img:  
title:  maps4print / azul
owner:  
URL:  https://github.com/maps4print/azul
Owner Img:  
title:  SergioBenitez / Rocket
owner:  
URL:  https://github.com/SergioBenitez/Rocket
Owner Img:  
title:  jwilm / alacritty
owner:  
URL:  https://github.com/jwilm/alacritty
Owner Img:  
title:  paritytech / parity
owner:  
URL:  https://github.com/paritytech/parity
Owner Img:  
title:  BurntSushi / ripgrep
owner:  
URL:  https://github.com/BurntSushi/ripgrep
Owner Img:  
title:  runconduit / conduit
owner:  
URL:  https://github.com/runconduit/conduit
Owner Img:  
title:  DenisKolodin / yew
owner:  
URL:  https://github.com/DenisKolodin/yew
Owner Img:  
title:  actix / examples
owner:  
URL:  https://github.com/actix/examples
Owner Img:  
title:  tokio-rs / tokio
owner:  
URL:  https://github.com/tokio-rs/tokio
Owner Img:  
title:  dotcypress / mtproxy
owner:  
URL:  https://github.com/dotcypress/mtproxy
Owner Img:  
title:  rust-unofficial / awesome-rust
owner:  
URL:  https://github.com/rust-unofficial/awesome-rust
Owner Img:  
title:  rust-lang / book
owner:  
URL:  https://github.com/rust-lang/book
Owner Img:  
title:  google / xi-editor
owner:  
URL:  https://github.com/google/xi-editor
Owner Img:  
title:  wangshub / Douyin-Bot
owner:  
URL:  https://github.com/wangshub/Douyin-Bot
Owner Img:  
title:  Jack-Cherish / python-spider
owner:  
URL:  https://github.com/Jack-Cherish/python-spider
Owner Img:  
title:  lucperkins / colossus
owner:  
URL:  https://github.com/lucperkins/colossus
Owner Img:  
title:  tensorflow / models
owner:  
URL:  https://github.com/tensorflow/models
Owner Img:  
title:  mitmproxy / mitmproxy
owner:  
URL:  https://github.com/mitmproxy/mitmproxy
Owner Img:  
title:  kezhenxu94 / house-renting
owner:  
URL:  https://github.com/kezhenxu94/house-renting
Owner Img:  
title:  ambv / black
owner:  
URL:  https://github.com/ambv/black
Owner Img:  
title:  hoffa / kitten
owner:  
URL:  https://github.com/hoffa/kitten
Owner Img:  
title:  jackfrued / Python-100-Days
owner:  
URL:  https://github.com/jackfrued/Python-100-Days
Owner Img:  
title:  imWildCat / scylla
owner:  
URL:  https://github.com/imWildCat/scylla
Owner Img:  
title:  ageitgey / face_recognition
owner:  
URL:  https://github.com/ageitgey/face_recognition
Owner Img:  
title:  keras-team / keras
owner:  
URL:  https://github.com/keras-team/keras
Owner Img:  
title:  pallets / flask
owner:  
URL:  https://github.com/pallets/flask
Owner Img:  
title:  toddmotto / public-apis
owner:  
URL:  https://github.com/toddmotto/public-apis
Owner Img:  
title:  threerocks / studyFiles
owner:  
URL:  https://github.com/threerocks/studyFiles
Owner Img:  
title:  NervanaSystems / nlp-architect
owner:  
URL:  https://github.com/NervanaSystems/nlp-architect
Owner Img:  
title:  vinta / awesome-python
owner:  
URL:  https://github.com/vinta/awesome-python
Owner Img:  
title:  josephmisiti / awesome-machine-learning
owner:  
URL:  https://github.com/josephmisiti/awesome-machine-learning
Owner Img:  
title:  cchen156 / Learning-to-See-in-the-Dark
owner:  
URL:  https://github.com/cchen156/Learning-to-See-in-the-Dark
Owner Img:  
title:  Squarespace / datasheets
owner:  
URL:  https://github.com/Squarespace/datasheets
Owner Img:  
title:  DistrictDataLabs / yellowbrick
owner:  
URL:  https://github.com/DistrictDataLabs/yellowbrick
Owner Img:  
title:  donnemartin / system-design-primer
owner:  
URL:  https://github.com/donnemartin/system-design-primer
Owner Img:  
title:  eriklindernoren / PyTorch-YOLOv3
owner:  
URL:  https://github.com/eriklindernoren/PyTorch-YOLOv3
Owner Img:  
title:  roytseng-tw / Detectron.pytorch
owner:  
URL:  https://github.com/roytseng-tw/Detectron.pytorch
Owner Img:  
title:  ansible / ansible
owner:  
URL:  https://github.com/ansible/ansible
Owner Img:  
Already up-to-date.
